# JRE version: Java(TM) SE Runtime Environment (8.0_111-b14) (build 1.8.0_111-b14)
# Java VM: Java HotSpot(TM) Client VM (25.111-b14 mixed mode windows-x86 )
Heap:
 def new generation   total 39424K, used 32377K [0x04a00000, 0x074c0000, 0x0f4a0000)
  eden space 35072K,  92% used [0x04a00000, 0x06998fe8, 0x06c40000)
  from space 4352K,   0% used [0x07080000, 0x07085480, 0x074c0000)
  to   space 4352K,   0% used [0x06c40000, 0x06c40000, 0x07080000)
 tenured generation   total 87424K, used 44923K [0x0f4a0000, 0x14a00000, 0x24a00000)
   the space 87424K,  51% used [0x0f4a0000, 0x1207ed00, 0x1207ee00, 0x14a00000)
 Metaspace       used 18830K, capacity 19336K, committed 19456K, reserved 19840K
GC Heap History (10 events):
Event: 365765.460 GC heap before
{Heap before GC invocations=125 (full 1):
 def new generation   total 39424K, used 35090K [0x04a00000, 0x074c0000, 0x0f4a0000)
  eden space 35072K, 100% used [0x04a00000, 0x06c40000, 0x06c40000)
  from space 4352K,   0% used [0x06c40000, 0x06c44868, 0x07080000)
  to   space 4352K,   0% used [0x07080000, 0x07080000, 0x074c0000)
 tenured generation   total 87424K, used 44922K [0x0f4a0000, 0x14a00000, 0x24a00000)
   the space 87424K,  51% used [0x0f4a0000, 0x1207eba8, 0x1207ec00, 0x14a00000)
 Metaspace       used 18830K, capacity 19336K, committed 19456K, reserved 19840K
Event: 365765.461 GC heap after
Heap after GC invocations=126 (full 1):
 def new generation   total 39424K, used 17K [0x04a00000, 0x074c0000, 0x0f4a0000)
  eden space 35072K,   0% used [0x04a00000, 0x04a00000, 0x06c40000)
  from space 4352K,   0% used [0x07080000, 0x07084718, 0x074c0000)
  to   space 4352K,   0% used [0x06c40000, 0x06c40000, 0x07080000)
 tenured generation   total 87424K, used 44923K [0x0f4a0000, 0x14a00000, 0x24a00000)
   the space 87424K,  51% used [0x0f4a0000, 0x1207ed00, 0x1207ee00, 0x14a00000)
 Metaspace       used 18830K, capacity 19336K, committed 19456K, reserved 19840K
}
Event: 369201.596 GC heap before
{Heap before GC invocations=126 (full 1):
 def new generation   total 39424K, used 35089K [0x04a00000, 0x074c0000, 0x0f4a0000)
  eden space 35072K, 100% used [0x04a00000, 0x06c40000, 0x06c40000)
  from space 4352K,   0% used [0x07080000, 0x07084718, 0x074c0000)
  to   space 4352K,   0% used [0x06c40000, 0x06c40000, 0x07080000)
 tenured generation   total 87424K, used 44923K [0x0f4a0000, 0x14a00000, 0x24a00000)
   the space 87424K,  51% used [0x0f4a0000, 0x1207ed00, 0x1207ee00, 0x14a00000)
 Metaspace       used 18830K, capacity 19336K, committed 19456K, reserved 19840K
Event: 369201.597 GC heap after
Heap after GC invocations=127 (full 1):
 def new generation   total 39424K, used 17K [0x04a00000, 0x074c0000, 0x0f4a0000)
  eden space 35072K,   0% used [0x04a00000, 0x04a00000, 0x06c40000)
  from space 4352K,   0% used [0x06c40000, 0x06c44710, 0x07080000)
  to   space 4352K,   0% used [0x07080000, 0x07080000, 0x074c0000)
 tenured generation   total 87424K, used 44923K [0x0f4a0000, 0x14a00000, 0x24a00000)
   the space 87424K,  51% used [0x0f4a0000, 0x1207ed00, 0x1207ee00, 0x14a00000)
 Metaspace       used 18830K, capacity 19336K, committed 19456K, reserved 19840K
}
Event: 372634.733 GC heap before
{Heap before GC invocations=127 (full 1):
 def new generation   total 39424K, used 35089K [0x04a00000, 0x074c0000, 0x0f4a0000)
  eden space 35072K, 100% used [0x04a00000, 0x06c40000, 0x06c40000)
  from space 4352K,   0% used [0x06c40000, 0x06c44710, 0x07080000)
  to   space 4352K,   0% used [0x07080000, 0x07080000, 0x074c0000)
 tenured generation   total 87424K, used 44923K [0x0f4a0000, 0x14a00000, 0x24a00000)
   the space 87424K,  51% used [0x0f4a0000, 0x1207ed00, 0x1207ee00, 0x14a00000)
 Metaspace       used 18830K, capacity 19336K, committed 19456K, reserved 19840K
Event: 372634.734 GC heap after
Heap after GC invocations=128 (full 1):
 def new generation   total 39424K, used 17K [0x04a00000, 0x074c0000, 0x0f4a0000)
  eden space 35072K,   0% used [0x04a00000, 0x04a00000, 0x06c40000)
  from space 4352K,   0% used [0x07080000, 0x07084710, 0x074c0000)
  to   space 4352K,   0% used [0x06c40000, 0x06c40000, 0x07080000)
 tenured generation   total 87424K, used 44923K [0x0f4a0000, 0x14a00000, 0x24a00000)
   the space 87424K,  51% used [0x0f4a0000, 0x1207ed00, 0x1207ee00, 0x14a00000)
 Metaspace       used 18830K, capacity 19336K, committed 19456K, reserved 19840K
}
Event: 375993.523 GC heap before
{Heap before GC invocations=128 (full 1):
 def new generation   total 39424K, used 35089K [0x04a00000, 0x074c0000, 0x0f4a0000)
  eden space 35072K, 100% used [0x04a00000, 0x06c40000, 0x06c40000)
  from space 4352K,   0% used [0x07080000, 0x07084710, 0x074c0000)
  to   space 4352K,   0% used [0x06c40000, 0x06c40000, 0x07080000)
 tenured generation   total 87424K, used 44923K [0x0f4a0000, 0x14a00000, 0x24a00000)
   the space 87424K,  51% used [0x0f4a0000, 0x1207ed00, 0x1207ee00, 0x14a00000)
 Metaspace       used 18830K, capacity 19336K, committed 19456K, reserved 19840K
Event: 375993.524 GC heap after
Heap after GC invocations=129 (full 1):
 def new generation   total 39424K, used 20K [0x04a00000, 0x074c0000, 0x0f4a0000)
  eden space 35072K,   0% used [0x04a00000, 0x04a00000, 0x06c40000)
  from space 4352K,   0% used [0x06c40000, 0x06c45050, 0x07080000)
  to   space 4352K,   0% used [0x07080000, 0x07080000, 0x074c0000)
 tenured generation   total 87424K, used 44923K [0x0f4a0000, 0x14a00000, 0x24a00000)
   the space 87424K,  51% used [0x0f4a0000, 0x1207ed00, 0x1207ee00, 0x14a00000)
 Metaspace       used 18830K, capacity 19336K, committed 19456K, reserved 19840K
}
Event: 379198.074 GC heap before
{Heap before GC invocations=129 (full 1):
 def new generation   total 39424K, used 35092K [0x04a00000, 0x074c0000, 0x0f4a0000)
  eden space 35072K, 100% used [0x04a00000, 0x06c40000, 0x06c40000)
  from space 4352K,   0% used [0x06c40000, 0x06c45050, 0x07080000)
  to   space 4352K,   0% used [0x07080000, 0x07080000, 0x074c0000)
 tenured generation   total 87424K, used 44923K [0x0f4a0000, 0x14a00000, 0x24a00000)
   the space 87424K,  51% used [0x0f4a0000, 0x1207ed00, 0x1207ee00, 0x14a00000)
 Metaspace       used 18830K, capacity 19336K, committed 19456K, reserved 19840K
Event: 379198.076 GC heap after
Heap after GC invocations=130 (full 1):
 def new generation   total 39424K, used 21K [0x04a00000, 0x074c0000, 0x0f4a0000)
  eden space 35072K,   0% used [0x04a00000, 0x04a00000, 0x06c40000)
  from space 4352K,   0% used [0x07080000, 0x07085480, 0x074c0000)
  to   space 4352K,   0% used [0x06c40000, 0x06c40000, 0x07080000)
 tenured generation   total 87424K, used 44923K [0x0f4a0000, 0x14a00000, 0x24a00000)
   the space 87424K,  51% used [0x0f4a0000, 0x1207ed00, 0x1207ee00, 0x14a00000)
 Metaspace       used 18830K, capacity 19336K, committed 19456K, reserved 19840K
}

